Configuring MonadRandom-0.3.0.2...
Building MonadRandom-0.3.0.2...
Preprocessing library MonadRandom-0.3.0.2...
[1 of 2] Compiling Control.Monad.Random.Class ( Control/Monad/Random/Class.hs, dist/dist-sandbox-3bfc634a/build/Control/Monad/Random/Class.o )
[2 of 2] Compiling Control.Monad.Random ( Control/Monad/Random.hs, dist/dist-sandbox-3bfc634a/build/Control/Monad/Random.o )
[1 of 2] Compiling Control.Monad.Random.Class ( Control/Monad/Random/Class.hs, dist/dist-sandbox-3bfc634a/build/Control/Monad/Random/Class.p_o )
[2 of 2] Compiling Control.Monad.Random ( Control/Monad/Random.hs, dist/dist-sandbox-3bfc634a/build/Control/Monad/Random.p_o )
In-place registering MonadRandom-0.3.0.2...
Running Haddock for MonadRandom-0.3.0.2...
Preprocessing library MonadRandom-0.3.0.2...
Haddock coverage:
Warning: Control.Monad.Random.Class: getRandom is exported separately but will be documented under MonadRandom. Consider exporting it together with its parent(s) for code clarity.
Warning: Control.Monad.Random.Class: getRandomR is exported separately but will be documented under MonadRandom. Consider exporting it together with its parent(s) for code clarity.
Warning: Control.Monad.Random.Class: getRandoms is exported separately but will be documented under MonadRandom. Consider exporting it together with its parent(s) for code clarity.
Warning: Control.Monad.Random.Class: getRandomRs is exported separately but will be documented under MonadRandom. Consider exporting it together with its parent(s) for code clarity.
Warning: Control.Monad.Random.Class: getSplit is exported separately but will be documented under MonadSplit. Consider exporting it together with its parent(s) for code clarity.
 100% (  3 /  3) in 'Control.Monad.Random.Class'
 100% ( 17 / 17) in 'Control.Monad.Random'
Documentation created:
dist/dist-sandbox-3bfc634a/doc/html/MonadRandom/index.html
Creating package registration file:
/var/folders/cw/gf9jbdgd72gb09z0m45_g37w0000gn/T/pkgConf-MonadRandom-0.3.06044.2
Installing library in
/Users/gahara/parsers/parsers-for-dummies/.cabal-sandbox/lib/x86_64-osx-ghc-7.8.3/MonadRandom-0.3.0.2
Registering MonadRandom-0.3.0.2...
