Configuring pqueue-1.2.1...
Building pqueue-1.2.1...
Preprocessing library pqueue-1.2.1...

In file included from ./Data/PQueue/Internals.hs:76:0: 

/Library/Frameworks/GHC.framework/Versions/7.8.3-x86_64/usr/lib/ghc-7.8.3/base-4.7.0.1/include/Typeable.h:17:2:
     warning: <Typeable.h> is obsolete and will be removed in GHC 7.10 [-W#warnings]
#warning <Typeable.h> is obsolete and will be removed in GHC 7.10
 ^
1 warning generated.
[1 of 8] Compiling Control.Applicative.Identity ( Control/Applicative/Identity.hs, dist/dist-sandbox-3bfc634a/build/Control/Applicative/Identity.o )
[2 of 8] Compiling Data.PQueue.Prio.Internals ( Data/PQueue/Prio/Internals.hs, dist/dist-sandbox-3bfc634a/build/Data/PQueue/Prio/Internals.o )
[3 of 8] Compiling Data.PQueue.Prio.Max.Internals ( Data/PQueue/Prio/Max/Internals.hs, dist/dist-sandbox-3bfc634a/build/Data/PQueue/Prio/Max/Internals.o )
[4 of 8] Compiling Data.PQueue.Internals ( Data/PQueue/Internals.hs, dist/dist-sandbox-3bfc634a/build/Data/PQueue/Internals.o )
[5 of 8] Compiling Data.PQueue.Min  ( Data/PQueue/Min.hs, dist/dist-sandbox-3bfc634a/build/Data/PQueue/Min.o )

Data/PQueue/Min.hs:250:9: Warning:
    Rule "toAscList" may never fire
      because ‘toAscList’ might inline first
    Probable fix: add an INLINE[n] or NOINLINE[n] pragma on ‘toAscList’

Data/PQueue/Min.hs:252:9: Warning:
    Rule "toDescList" may never fire
      because ‘toDescList’ might inline first
    Probable fix: add an INLINE[n] or NOINLINE[n] pragma on ‘toDescList’

Data/PQueue/Min.hs:272:9: Warning:
    Rule "fromList" may never fire
      because ‘fromList’ might inline first
    Probable fix: add an INLINE[n] or NOINLINE[n] pragma on ‘fromList’

Data/PQueue/Min.hs:273:9: Warning:
    Rule "fromAscList" may never fire
      because ‘fromAscList’ might inline first
    Probable fix: add an INLINE[n] or NOINLINE[n] pragma on ‘fromAscList’
[6 of 8] Compiling Data.PQueue.Max  ( Data/PQueue/Max.hs, dist/dist-sandbox-3bfc634a/build/Data/PQueue/Max.o )
[7 of 8] Compiling Data.PQueue.Prio.Min ( Data/PQueue/Prio/Min.hs, dist/dist-sandbox-3bfc634a/build/Data/PQueue/Prio/Min.o )

Data/PQueue/Prio/Min.hs:330:9: Warning:
    Rule "fromList/build" may never fire
      because ‘fromList’ might inline first
    Probable fix: add an INLINE[n] or NOINLINE[n] pragma on ‘fromList’

Data/PQueue/Prio/Min.hs:332:9: Warning:
    Rule "fromAscList/build" may never fire
      because ‘fromAscList’ might inline first
    Probable fix: add an INLINE[n] or NOINLINE[n] pragma on ‘fromAscList’

Data/PQueue/Prio/Min.hs:356:9: Warning:
    Rule "toAscList" may never fire
      because ‘toAscList’ might inline first
    Probable fix: add an INLINE[n] or NOINLINE[n] pragma on ‘toAscList’

Data/PQueue/Prio/Min.hs:357:9: Warning:
    Rule "toDescList" may never fire
      because ‘toDescList’ might inline first
    Probable fix: add an INLINE[n] or NOINLINE[n] pragma on ‘toDescList’

Data/PQueue/Prio/Min.hs:358:9: Warning:
    Rule "toListU" may never fire because ‘toListU’ might inline first
    Probable fix: add an INLINE[n] or NOINLINE[n] pragma on ‘toListU’
[8 of 8] Compiling Data.PQueue.Prio.Max ( Data/PQueue/Prio/Max.hs, dist/dist-sandbox-3bfc634a/build/Data/PQueue/Prio/Max.o )

In file included from ./Data/PQueue/Internals.hs:76:0: 

/Library/Frameworks/GHC.framework/Versions/7.8.3-x86_64/usr/lib/ghc-7.8.3/base-4.7.0.1/include/Typeable.h:17:2:
     warning: <Typeable.h> is obsolete and will be removed in GHC 7.10 [-W#warnings]
#warning <Typeable.h> is obsolete and will be removed in GHC 7.10
 ^
1 warning generated.
[1 of 8] Compiling Control.Applicative.Identity ( Control/Applicative/Identity.hs, dist/dist-sandbox-3bfc634a/build/Control/Applicative/Identity.p_o )
[2 of 8] Compiling Data.PQueue.Prio.Internals ( Data/PQueue/Prio/Internals.hs, dist/dist-sandbox-3bfc634a/build/Data/PQueue/Prio/Internals.p_o )
[3 of 8] Compiling Data.PQueue.Prio.Max.Internals ( Data/PQueue/Prio/Max/Internals.hs, dist/dist-sandbox-3bfc634a/build/Data/PQueue/Prio/Max/Internals.p_o )
[4 of 8] Compiling Data.PQueue.Internals ( Data/PQueue/Internals.hs, dist/dist-sandbox-3bfc634a/build/Data/PQueue/Internals.p_o )
[5 of 8] Compiling Data.PQueue.Min  ( Data/PQueue/Min.hs, dist/dist-sandbox-3bfc634a/build/Data/PQueue/Min.p_o )

Data/PQueue/Min.hs:250:9: Warning:
    Rule "toAscList" may never fire
      because ‘toAscList’ might inline first
    Probable fix: add an INLINE[n] or NOINLINE[n] pragma on ‘toAscList’

Data/PQueue/Min.hs:252:9: Warning:
    Rule "toDescList" may never fire
      because ‘toDescList’ might inline first
    Probable fix: add an INLINE[n] or NOINLINE[n] pragma on ‘toDescList’

Data/PQueue/Min.hs:272:9: Warning:
    Rule "fromList" may never fire
      because ‘fromList’ might inline first
    Probable fix: add an INLINE[n] or NOINLINE[n] pragma on ‘fromList’

Data/PQueue/Min.hs:273:9: Warning:
    Rule "fromAscList" may never fire
      because ‘fromAscList’ might inline first
    Probable fix: add an INLINE[n] or NOINLINE[n] pragma on ‘fromAscList’
[6 of 8] Compiling Data.PQueue.Max  ( Data/PQueue/Max.hs, dist/dist-sandbox-3bfc634a/build/Data/PQueue/Max.p_o )
[7 of 8] Compiling Data.PQueue.Prio.Min ( Data/PQueue/Prio/Min.hs, dist/dist-sandbox-3bfc634a/build/Data/PQueue/Prio/Min.p_o )

Data/PQueue/Prio/Min.hs:330:9: Warning:
    Rule "fromList/build" may never fire
      because ‘fromList’ might inline first
    Probable fix: add an INLINE[n] or NOINLINE[n] pragma on ‘fromList’

Data/PQueue/Prio/Min.hs:332:9: Warning:
    Rule "fromAscList/build" may never fire
      because ‘fromAscList’ might inline first
    Probable fix: add an INLINE[n] or NOINLINE[n] pragma on ‘fromAscList’

Data/PQueue/Prio/Min.hs:356:9: Warning:
    Rule "toAscList" may never fire
      because ‘toAscList’ might inline first
    Probable fix: add an INLINE[n] or NOINLINE[n] pragma on ‘toAscList’

Data/PQueue/Prio/Min.hs:357:9: Warning:
    Rule "toDescList" may never fire
      because ‘toDescList’ might inline first
    Probable fix: add an INLINE[n] or NOINLINE[n] pragma on ‘toDescList’

Data/PQueue/Prio/Min.hs:358:9: Warning:
    Rule "toListU" may never fire because ‘toListU’ might inline first
    Probable fix: add an INLINE[n] or NOINLINE[n] pragma on ‘toListU’
[8 of 8] Compiling Data.PQueue.Prio.Max ( Data/PQueue/Prio/Max.hs, dist/dist-sandbox-3bfc634a/build/Data/PQueue/Prio/Max.p_o )
In-place registering pqueue-1.2.1...
Running Haddock for pqueue-1.2.1...
Preprocessing library pqueue-1.2.1...

In file included from Data/PQueue/Internals.hs:76:0: 

/Library/Frameworks/GHC.framework/Versions/7.8.3-x86_64/usr/lib/ghc-7.8.3/base-4.7.0.1/include/Typeable.h:17:2:
     warning: <Typeable.h> is obsolete and will be removed in GHC 7.10 [-W#warnings]
#warning <Typeable.h> is obsolete and will be removed in GHC 7.10
 ^
1 warning generated.
Haddock coverage:
   0% (  0 /  4) in 'Control.Applicative.Identity'
  72% ( 21 / 29) in 'Data.PQueue.Prio.Internals'
  11% (  1 /  9) in 'Data.PQueue.Prio.Max.Internals'
  81% ( 21 / 26) in 'Data.PQueue.Internals'
 100% ( 55 / 55) in 'Data.PQueue.Min'
 100% ( 55 / 55) in 'Data.PQueue.Max'
  99% ( 80 / 81) in 'Data.PQueue.Prio.Min'
 100% ( 81 / 81) in 'Data.PQueue.Prio.Max'
Documentation created: dist/dist-sandbox-3bfc634a/doc/html/pqueue/index.html
Creating package registration file:
/var/folders/cw/gf9jbdgd72gb09z0m45_g37w0000gn/T/pkgConf-pqueue-1.2689.1
Installing library in
/Users/gahara/parsers/parsers-for-dummies/.cabal-sandbox/lib/x86_64-osx-ghc-7.8.3/pqueue-1.2.1
Registering pqueue-1.2.1...
